f:\opengl\game\pvz\x64\debug\vc143.pdb
f:\opengl\game\pvz\x64\debug\vc143.idb
f:\opengl\game\pvz\x64\debug\source.obj
f:\opengl\game\x64\debug\pvz.pdb
f:\opengl\game\pvz\x64\debug\pvz.tlog\cl.command.1.tlog
f:\opengl\game\pvz\x64\debug\pvz.tlog\cl.read.1.tlog
f:\opengl\game\pvz\x64\debug\pvz.tlog\cl.write.1.tlog
f:\opengl\game\pvz\x64\debug\pvz.tlog\link-cvtres.read.1.tlog
f:\opengl\game\pvz\x64\debug\pvz.tlog\link-cvtres.write.1.tlog
f:\opengl\game\pvz\x64\debug\pvz.tlog\link-rc.read.1.tlog
f:\opengl\game\pvz\x64\debug\pvz.tlog\link-rc.write.1.tlog
f:\opengl\game\pvz\x64\debug\pvz.tlog\link.28016-cvtres.read.1.tlog
f:\opengl\game\pvz\x64\debug\pvz.tlog\link.28016-cvtres.write.1.tlog
f:\opengl\game\pvz\x64\debug\pvz.tlog\link.28016-rc.read.1.tlog
f:\opengl\game\pvz\x64\debug\pvz.tlog\link.28016-rc.write.1.tlog
f:\opengl\game\pvz\x64\debug\pvz.tlog\link.28016.read.1.tlog
f:\opengl\game\pvz\x64\debug\pvz.tlog\link.28016.read.2.tlog
f:\opengl\game\pvz\x64\debug\pvz.tlog\link.28016.write.1.tlog
f:\opengl\game\pvz\x64\debug\pvz.tlog\link.command.1.tlog
f:\opengl\game\pvz\x64\debug\pvz.tlog\link.read.1.tlog
f:\opengl\game\pvz\x64\debug\pvz.tlog\link.read.2.tlog
f:\opengl\game\pvz\x64\debug\pvz.tlog\link.read.3.tlog
f:\opengl\game\pvz\x64\debug\pvz.tlog\link.write.1.tlog
